<?xml version="1.0" encoding="UTF-8"?>
<!-- Generated by org.testng.reporters.JUnitReportReporter -->
<testsuite hostname="DESKTOP-G4QN8D8" failures="0" tests="3" name="testPack.TC_001_GET_Request" time="3.987" errors="0" timestamp="2021-04-05T12:08:31 IST" skipped="0">
  <testcase classname="testPack.TC_001_GET_Request" name="registerUser" time="2.905"/>
  <system-out/>
  <testcase classname="testPack.TC_001_GET_Request" name="getuserDetails" time="0.082"/>
  <system-out/>
  <testcase classname="testPack.TC_001_GET_Request" name="validateHeadersFromResponse" time="1.000"/>
  <system-out/>
</testsuite> <!-- testPack.TC_001_GET_Request -->
