<?xml version="1.0" encoding="UTF-8"?>
<!-- Generated by org.testng.reporters.JUnitReportReporter -->
<testsuite hostname="DESKTOP-G4QN8D8" failures="0" tests="4" name="com.qa.testcases.TC_001_GET_Request" time="4.589" errors="0" timestamp="2021-04-05T15:06:24 IST" skipped="0">
  <testcase classname="com.qa.testcases.TC_001_GET_Request" name="registerUser" time="3.202"/>
  <system-out/>
  <testcase classname="com.qa.testcases.TC_001_GET_Request" name="getuserDetails" time="0.176"/>
  <system-out/>
  <testcase classname="com.qa.testcases.TC_001_GET_Request" name="validateHeadersFromResponse" time="1.204"/>
  <system-out/>
  <testcase classname="com.qa.testcases.TC_001_GET_Request" name="authorizationApi" time="0.007"/>
  <system-out/>
</testsuite> <!-- com.qa.testcases.TC_001_GET_Request -->
