<?xml version="1.0" encoding="UTF-8"?>
<!-- Generated by org.testng.reporters.JUnitReportReporter -->
<testsuite hostname="DESKTOP-G4QN8D8" failures="0" tests="2" name="com.qa.testcases.DatadrivenTest" time="2.973" errors="0" timestamp="2021-04-05T15:09:43 IST" skipped="0">
  <testcase classname="com.qa.testcases.DatadrivenTest" name="addnewUser" time="0.123"/>
  <system-out/>
  <testcase classname="com.qa.testcases.DatadrivenTest" name="addnewUser" time="2.850"/>
  <system-out/>
</testsuite> <!-- com.qa.testcases.DatadrivenTest -->
