<?xml version="1.0" encoding="UTF-8"?>
<!-- Generated by org.testng.reporters.JUnitReportReporter -->
<testsuite hostname="DESKTOP-G4QN8D8" failures="0" tests="2" name="datadriven.DatadrivenTest" time="3.223" errors="0" timestamp="2021-04-05T13:47:29 IST" skipped="0">
  <testcase classname="datadriven.DatadrivenTest" name="addnewUser" time="0.080"/>
  <system-out/>
  <testcase classname="datadriven.DatadrivenTest" name="addnewUser" time="3.143"/>
  <system-out/>
</testsuite> <!-- datadriven.DatadrivenTest -->
